[5488:7660:1209/185715:INFO:AppRunner.cpp(619)] Begin run process geeplayer
[5488:7660:1209/185715:INFO:AppRunner.cpp(623)] ProductName is GeePlayer1
[5488:7660:1209/185715:INFO:AppRunner.cpp(662)] apppluginbase version is 4.3.4.79
[5488:7660:1209/185715:INFO:UIlib.cpp(192)] quilib: version is 4.3.4.77
[5488:7660:1209/185715:INFO:serviceManager.cpp(687)] mainprocessisrunning key is set as 1
[5488:7660:1209/185715:INFO:serviceManager.cpp(800)] create local service plugin PluginServerStatePlugin
[5488:7660:1209/185715:INFO:serviceManager.cpp(857)] plugin PluginServerStatePlugin DoPluginInit
[5488:7660:1209/185715:INFO:serviceManager.cpp(1523)] repository parse over
[5488:7660:1209/185715:INFO:UIManager.cpp(372)] quilib:call set resouce path, path is c:\program files (x86)\iqiyi video\geeplayer\2.5.31.3010\skin
[5488:7660:1209/185715:INFO:UIDlgBuilder.cpp(407)] quilib:create root control failed
[5488:7660:1209/185715:INFO:UIDlgBuilder.cpp(407)] quilib:create root control failed
[5488:7660:1209/185715:INFO:UIDlgBuilder.cpp(407)] quilib:create root control failed
[5488:7660:1209/185715:INFO:UIDlgBuilder.cpp(407)] quilib:create root control failed
[5488:7660:1209/185715:INFO:UIDlgBuilder.cpp(407)] quilib:create root control failed
[5488:7660:1209/185715:INFO:UIDlgBuilder.cpp(407)] quilib:create root control failed
[5488:7660:1209/185716:INFO:AppRunner.cpp(715)] loop exit geeplayer call main plugin DestoryPluginEntry
[5488:7660:1209/185716:INFO:IPlugin.cpp(117)] real plugin mainPlugin call DestroyPlugin
[5488:7660:1209/185716:INFO:IPlugin.cpp(374)] destruct plugin mainPlugin
[5488:7660:1209/185716:INFO:serviceManager.cpp(1608)] mainPlugin plugin had destroy by DestructPlugin
[5488:7660:1209/185716:INFO:serviceManager.cpp(2532)] DestructManager begin
[5488:7660:1209/185716:INFO:IPlugin.cpp(374)] destruct plugin PluginServerStatePlugin
[5488:7660:1209/185716:INFO:IPlugin.cpp(286)] real plugin PluginServerStatePlugin call DestroyPlugin
[5488:7660:1209/185716:INFO:serviceManager.cpp(1608)] PluginServerStatePlugin plugin had destroy by DestructPlugin
[5488:7660:1209/185716:INFO:serviceManager.cpp(2408)] DeleteLeftPlugins begin
[5488:7660:1209/185716:INFO:serviceManager.cpp(2470)] DeleteLeftPlugins end
[5488:7660:1209/185716:INFO:serviceManager.cpp(687)] mainprocessisrunning key is set as 0
[5488:7660:1209/185716:INFO:AppRunner.cpp(730)] close mutex of process geeplayer
[5488:7660:1209/185716:INFO:AppRunner.cpp(738)] run process geeplayer end
